<?xml version="1.0" encoding="UTF-8"?>
<testsuite name="memo1.ejercicio1.AccountTest" tests="11" skipped="0" failures="0" errors="0" timestamp="2024-09-03T23:52:37" hostname="codespaces-464e0c" time="0.107">
  <properties/>
  <testcase name="constructorWithCbuShouldInitializeCorrectly()" classname="memo1.ejercicio1.AccountTest" time="0.04"/>
  <testcase name="defaultConstructorShouldInitializeBalanceToZero()" classname="memo1.ejercicio1.AccountTest" time="0.004"/>
  <testcase name="withdrawShouldReturnFalseIfAmountExceedsBalance()" classname="memo1.ejercicio1.AccountTest" time="0.002"/>
  <testcase name="withdrawShouldAllowExactAmount()" classname="memo1.ejercicio1.AccountTest" time="0.004"/>
  <testcase name="constructorShouldThrowExceptionIfBalanceIsNegative()" classname="memo1.ejercicio1.AccountTest" time="0.002"/>
  <testcase name="depositShouldReturnFalseForNegativeAmount()" classname="memo1.ejercicio1.AccountTest" time="0.002"/>
  <testcase name="withdrawShouldReturnFalseForNegativeAmount()" classname="memo1.ejercicio1.AccountTest" time="0.001"/>
  <testcase name="constructorShouldSetBalanceCorrectly()" classname="memo1.ejercicio1.AccountTest" time="0.004"/>
  <testcase name="depositShouldIncreaseBalance()" classname="memo1.ejercicio1.AccountTest" time="0.001"/>
  <testcase name="withdrawShouldDecreaseBalance()" classname="memo1.ejercicio1.AccountTest" time="0.002"/>
  <testcase name="setBalanceShouldThrowExceptionIfBalanceIsNegative()" classname="memo1.ejercicio1.AccountTest" time="0.001"/>
  <system-out><![CDATA[]]></system-out>
  <system-err><![CDATA[]]></system-err>
</testsuite>
