<?xml version="1.0" encoding="UTF-8"?>
<testsuite name="memo1.ejercicio1.ClientTest" tests="1" skipped="0" failures="0" errors="0" timestamp="2024-10-28T20:36:52" hostname="DESKTOP-15O2L9N" time="0.017">
  <properties/>
  <testcase name="setAsMarriedWithWeddingDateWorksCorrectly()" classname="memo1.ejercicio1.ClientTest" time="0.017"/>
  <system-out><![CDATA[]]></system-out>
  <system-err><![CDATA[]]></system-err>
</testsuite>
